  context.c
  egl_context.c
  init.c
  input.c
  monitor.c
  osmesa_context.c
  vulkan.c
  wgl_context.c
  win32_init.c
  win32_joystick.c
  win32_monitor.c
  win32_thread.c
  win32_time.c
  win32_window.c
  window.c
     Creating library ..\lib\x64\glfw3.lib and object ..\lib\x64\glfw3.exp
  Generating code
  Previous IPDB not found, fall back to full compilation.
  All 349 functions were compiled because no usable IPDB/IOBJ from previous compilation was found.
  Finished generating code
  glfw3.vcxproj -> C:\jazz3\lib\x64\glfw3.dll
